<?xml version="1.0" encoding="UTF-8"?>
<!-- Generated by org.testng.reporters.JUnitReportReporter -->
<testsuite skipped="0" hostname="DESKTOP-HF94J1E" name="com.training.sanity.tests.CreatePropertyDetailsTest" tests="1" failures="0" timestamp="2020-07-08T03:25:22 IST" time="62.819" errors="0">
  <testcase name="validLoginTest" time="62.819" classname="com.training.sanity.tests.CreatePropertyDetailsTest"/>
  <system-out/>
</testsuite> <!-- com.training.sanity.tests.CreatePropertyDetailsTest -->
