<?xml version="1.0" encoding="UTF-8"?>
<!-- Generated by org.testng.reporters.JUnitReportReporter -->
<testsuite skipped="1" hostname="DESKTOP-HF94J1E" name="com.training.regression.tests.SubmitQueryUsingInvalidDetailsDBTest" tests="1" failures="0" timestamp="2020-07-08T12:38:21 IST" time="0.000" errors="0">
  <testcase name="submitQueryTest" time="0.000" classname="com.training.regression.tests.SubmitQueryUsingInvalidDetailsDBTest">
    <skipped/>
  </testcase> <!-- submitQueryTest -->
  <system-out/>
</testsuite> <!-- com.training.regression.tests.SubmitQueryUsingInvalidDetailsDBTest -->
