<?xml version="1.0" encoding="UTF-8"?>
<!-- Generated by org.testng.reporters.JUnitReportReporter -->
<testsuite skipped="0" hostname="DESKTOP-HF94J1E" name="com.training.sanity.tests.VerifyAddedCommentsTests" tests="2" failures="0" timestamp="2020-07-01T01:47:40 IST" time="47.915" errors="0">
  <testcase name="validLoginTest" time="25.333" classname="com.training.sanity.tests.VerifyAddedCommentsTests"/>
  <system-out/>
  <testcase name="validLog000inTest" time="22.582" classname="com.training.sanity.tests.VerifyAddedCommentsTests"/>
  <system-out/>
</testsuite> <!-- com.training.sanity.tests.VerifyAddedCommentsTests -->
