<?xml version="1.0" encoding="UTF-8"?>
<!-- Generated by org.testng.reporters.JUnitReportReporter -->
<testsuite skipped="0" hostname="DESKTOP-HF94J1E" name="com.training.sanity.tests.AdminLogInTests" tests="1" failures="0" timestamp="2020-07-08T01:15:26 IST" time="12.684" errors="0">
  <testcase name="validLoginTest" time="12.684" classname="com.training.sanity.tests.AdminLogInTests"/>
  <system-out/>
</testsuite> <!-- com.training.sanity.tests.AdminLogInTests -->
