<?xml version="1.0" encoding="UTF-8"?>
<!-- Generated by org.testng.reporters.JUnitReportReporter -->
<testsuite skipped="0" hostname="DESKTOP-HF94J1E" name="com.training.sanity.tests.AdminLogInTests" tests="1" failures="0" timestamp="2020-06-29T11:21:38 IST" time="30.599" errors="0">
  <testcase name="validLoginTest" time="30.599" classname="com.training.sanity.tests.AdminLogInTests"/>
  <system-out/>
</testsuite> <!-- com.training.sanity.tests.AdminLogInTests -->
