<?xml version="1.0" encoding="UTF-8"?>
<!-- Generated by org.testng.reporters.JUnitReportReporter -->
<testsuite skipped="0" hostname="DESKTOP-HF94J1E" name="com.training.sanity.tests.VerifyAddedPostTests" tests="2" failures="0" timestamp="2020-07-04T23:38:56 IST" time="40.331" errors="0">
  <testcase name="validLoginTest" time="10.109" classname="com.training.sanity.tests.VerifyAddedPostTests"/>
  <system-out/>
  <testcase name="addCategory" time="30.222" classname="com.training.sanity.tests.VerifyAddedPostTests"/>
  <system-out/>
</testsuite> <!-- com.training.sanity.tests.VerifyAddedPostTests -->
