<?xml version="1.0" encoding="UTF-8"?>
<!-- Generated by org.testng.reporters.JUnitReportReporter -->
<testsuite skipped="0" hostname="DESKTOP-HF94J1E" name="com.training.regression.tests.SubmitQueryUsingInvalidDetailsDBTest" tests="3" failures="0" timestamp="2020-07-08T13:13:20 IST" time="123.675" errors="0">
  <testcase name="submitQueryTest" time="39.789" classname="com.training.regression.tests.SubmitQueryUsingInvalidDetailsDBTest"/>
  <system-out/>
  <testcase name="submitQueryTest" time="43.390" classname="com.training.regression.tests.SubmitQueryUsingInvalidDetailsDBTest"/>
  <system-out/>
  <testcase name="submitQueryTest" time="40.496" classname="com.training.regression.tests.SubmitQueryUsingInvalidDetailsDBTest"/>
  <system-out/>
</testsuite> <!-- com.training.regression.tests.SubmitQueryUsingInvalidDetailsDBTest -->
