<?xml version="1.0" encoding="UTF-8"?>
<!-- Generated by org.testng.reporters.JUnitReportReporter -->
<testsuite skipped="0" hostname="DESKTOP-HF94J1E" name="com.training.sanity.tests.AddPostInBlogSectionTests" tests="2" failures="0" timestamp="2020-07-04T19:42:31 IST" time="49.697" errors="0">
  <testcase name="validLoginTest" time="11.688" classname="com.training.sanity.tests.AddPostInBlogSectionTests"/>
  <system-out/>
  <testcase name="addCategory" time="38.009" classname="com.training.sanity.tests.AddPostInBlogSectionTests"/>
  <system-out/>
</testsuite> <!-- com.training.sanity.tests.AddPostInBlogSectionTests -->
