<?xml version="1.0" encoding="UTF-8"?>
<!-- Generated by org.testng.reporters.JUnitReportReporter -->
<testsuite skipped="0" hostname="DESKTOP-HF94J1E" name="com.training.sanity.tests.VerifyAddedCommentsTests" tests="4" failures="0" timestamp="2020-07-04T19:37:41 IST" time="101.763" errors="0">
  <testcase name="validLoginTest" time="12.286" classname="com.training.sanity.tests.VerifyAddedCommentsTests"/>
  <system-out/>
  <testcase name="addCategoryTest" time="21.906" classname="com.training.sanity.tests.VerifyAddedCommentsTests"/>
  <system-out/>
  <testcase name="addCategory" time="35.829" classname="com.training.sanity.tests.VerifyAddedCommentsTests"/>
  <system-out/>
  <testcase name="verifyAddedCommentsTest" time="31.742" classname="com.training.sanity.tests.VerifyAddedCommentsTests"/>
  <system-out/>
</testsuite> <!-- com.training.sanity.tests.VerifyAddedCommentsTests -->
