<?xml version="1.0" encoding="UTF-8"?>
<!-- Generated by org.testng.reporters.JUnitReportReporter -->
<testsuite skipped="0" hostname="DESKTOP-HF94J1E" name="com.training.regression.tests.LoginExcelTest" tests="2" failures="0" timestamp="2020-07-07T00:45:13 IST" time="54.329" errors="0">
  <testcase name="loginDBTest" time="25.553" classname="com.training.regression.tests.LoginExcelTest"/>
  <system-out/>
  <testcase name="loginDBTest" time="28.776" classname="com.training.regression.tests.LoginExcelTest"/>
  <system-out/>
</testsuite> <!-- com.training.regression.tests.LoginExcelTest -->
